00:53:29.887 [main] INFO  TextHandler - Got text:
    People, Geralt turned his head, like to invent monsters and monstrosities.
Then they seem less monstrous themselves.
    When they get blind-drunk, cheat, steal, beat their wives, starve an old woman,
when they kill a trapped fox with an axe or riddle the last existing unicorn with arrows,
they like to think that the Bane entering cottages at daybreak is more monstrous than they are.
They feel better then. They find it easier to live.
00:56:17.588 [main] INFO  TextHandler - Got text:
    People, Geralt turned his head, like to invent monsters and monstrosities.
Then they seem less monstrous themselves.
    When they get blind-drunk, cheat, steal, beat their wives, starve an old woman,
when they kill a trapped fox with an axe or riddle the last existing unicorn with arrows,
they like to think that the Bane entering cottages at daybreak is more monstrous than they are.
They feel better then. They find it easier to live.
00:56:53.262 [main] INFO  TextHandler - Got text:
People, Geralt turned his head, like to invent monsters and monstrosities.
Then they seem less monstrous themselves.
    When they get blind-drunk, cheat, steal, beat their wives, starve an old woman,
when they kill a trapped fox with an axe or riddle the last existing unicorn with arrows,
they like to think that the Bane entering cottages at daybreak is more monstrous than they are.
They feel better then. They find it easier to live.
00:57:06.738 [main] INFO  TextHandler - Got text:
People, Geralt turned his head, like to invent monsters and monstrosities.
Then they seem less monstrous themselves.
    When they get blind-drunk, cheat, steal, beat their wives, starve an old woman,
when they kill a trapped fox with an axe or riddle the last existing unicorn with arrows,
they like to think that the Bane entering cottages at daybreak is more monstrous than they are.
They feel better then. They find it easier to live.
01:02:27.571 [main] INFO  TextHandler - Got text:
People, Geralt turned his head, like to invent monsters and monstrosities. Then they seem less monstrous themselves.
    When they get blind-drunk, cheat, steal, beat their wives, starve an old woman,
when they kill a trapped fox with an axe or riddle the last existing unicorn with arrows,
they like to think that the Bane entering cottages at daybreak is more monstrous than they are.
They feel better then. They find it easier to live.
01:12:20.905 [main] INFO  TextHandler - Got text:
People, Geralt turned his head, like to invent monsters and monstrosities. Then they seem less monstrous themselves.
    When they get blind-drunk, cheat, steal, beat their wives, starve an old woman.
When they kill a trapped fox with an axe or riddle the last existing unicorn with arrows.
They like to think that the Bane entering cottages at daybreak is more monstrous than they are.
They feel better then. They find it easier to live.
01:18:28.108 [main] INFO  TextHandler - Got text:
People, Geralt turned his head, like to invent monsters and monstrosities. Then they seem less monstrous themselves.
    When they get blind-drunk, cheat, steal, beat their wives, starve an old woman.
When they kill a trapped fox with an axe or riddle the last existing unicorn with arrows.
They like to think that the Bane entering cottages at daybreak is more monstrous than they are.
They feel better then. They find it easier to live.
01:36:00.593 [main] INFO  TextHandler - Got text:
People, Geralt turned his head, like to invent monsters and monstrosities. Then they seem less monstrous themselves.
    When they get blind-drunk, cheat, steal, beat their wives, starve an old woman.
When they kill a trapped fox with an axe or riddle the last existing unicorn with arrows.
They like to think that the Bane entering cottages at daybreak is more monstrous than they are.
They feel better then. They find it easier to live.
01:46:55.507 [main] INFO  TextHandler - Got text:
People, Geralt turned his head, like to invent monsters and monstrosities. Then they seem less monstrous themselves.
    When they get blind-drunk, cheat, steal, beat their wives, starve an old woman.
When they kill a trapped fox with an axe or riddle the last existing unicorn with arrows.
They like to think that the Bane entering cottages at daybreak is more monstrous than they are.
They feel better then. They find it easier to live.
02:04:36.519 [main] INFO  TextHandler - Got text:
People, Geralt turned his head, like to invent monsters and monstrosities. Then they seem less monstrous themselves.
    When they get blind-drunk, cheat, steal, beat their wives, starve an old woman.
When they kill a trapped fox with an axe or riddle the last existing unicorn with arrows.
They like to think that the Bane entering cottages at daybreak is more monstrous than they are.
They feel better then. They find it easier to live.
02:05:20.839 [main] INFO  TextHandler - Got text:
People, Geralt turned his head, like to invent monsters and monstrosities. Then they seem less monstrous themselves.
    When they get blind-drunk, cheat, steal, beat their wives, starve an old woman.
When they kill a trapped fox with an axe or riddle the last existing unicorn with arrows.
They like to think that the Bane entering cottages at daybreak is more monstrous than they are.
They feel better then. They find it easier to live.
02:06:21.191 [main] INFO  TextHandler - Got text:
People, Geralt turned his head, like to invent monsters and monstrosities. Then they seem less monstrous themselves.
    When they get blind-drunk, cheat, steal, beat their wives, starve an old woman.
When they kill a trapped fox with an axe or riddle the last existing unicorn with arrows.
They like to think that the Bane entering cottages at daybreak is more monstrous than they are.
They feel better then. They find it easier to live.
02:07:05.200 [main] INFO  TextHandler - Got text:
People like to invent monsters and monstrosities. Then they seem less monstrous themselves.
    When they get blind-drunk, cheat, steal, beat their wives, starve an old woman.
When they kill a trapped fox with an axe or riddle the last existing unicorn with arrows.
They like to think that the Bane entering cottages at daybreak is more monstrous than they are.
They feel better then. They find it easier to live.
02:07:34.657 [main] INFO  TextHandler - Got text:
People like to invent monsters and monstrosities. Then they seem less monstrous themselves.
    When they get blind-drunk, cheat, steal, beat their wives, starve an old woman.
When they kill a trapped fox with an axe or riddle the last existing unicorn with arrows.
They like to think that the Bane entering cottages at daybreak is more monstrous than they are.
They feel better then. They find it easier to live.
02:08:14.018 [main] INFO  TextHandler - Got text:
People like to invent monsters and monstrosities. Then they seem less monstrous themselves.
    When they get blind-drunk, cheat, steal, beat their wives, starve an old woman.
When they kill a trapped fox with an axe or riddle the last existing unicorn with arrows.
They like to think that the Bane entering cottages at daybreak is more monstrous than they are.
They feel better then. They find it easier to live.
11:45:21.336 [main] INFO  TextHandler - Got text:
People like to invent monsters and monstrosities. Then they seem less monstrous themselves.
    When they get blind-drunk, cheat, steal, beat their wives, starve an old woman.
When they kill a trapped fox with an axe or riddle the last existing unicorn with arrows.
They like to think that the Bane entering cottages at daybreak is more monstrous than they are.
They feel better then. They find it easier to live.
11:46:38.240 [main] INFO  TextHandler - Got text:
People like to invent monsters and monstrosities. Then they seem less monstrous themselves.
    When they get blind-drunk, cheat, steal, beat their wives, starve an old woman.
When they kill a trapped fox with an axe or riddle the last existing unicorn with arrows.
They like to think that the Bane entering cottages at daybreak is more monstrous than they are.
They feel better then. They find it easier to live.
12:53:43.432 [main] INFO  TextHandler - Got text:
People like to invent monsters and monstrosities. Then they seem less monstrous themselves.
    When they get blind-drunk, cheat, steal, beat their wives, starve an old woman.
When they kill a trapped fox with an axe or riddle the last existing unicorn with arrows.
They like to think that the Bane entering cottages at daybreak is more monstrous than they are.
They feel better then. They find it easier to live.
thre2 fo3ur fi6v8e s11i2x
